<?xml version="1.0" encoding="UTF-8"?>
<!-- Generated by org.testng.reporters.JUnitReportReporter -->
<testsuite hostname="Lenovo" failures="0" tests="2" name="AllAboutTestNG.PriorityTest" time="0.031" errors="0" timestamp="13 Jun 2021 08:41:15 GMT">
  <testcase classname="AllAboutTestNG.PriorityTest" name="testcase3" time="0.015"/>
  <testcase classname="AllAboutTestNG.PriorityTest" name="testCase2" time="0.016"/>
</testsuite> <!-- AllAboutTestNG.PriorityTest -->
