<?xml version="1.0" encoding="UTF-8"?>
<!-- Generated by org.testng.reporters.JUnitReportReporter -->
<testsuite hostname="Lenovo" failures="0" tests="2" name="com.crm.qa.testcases.FlightTestCases2" time="25.658" errors="0" timestamp="29 Apr 2021 20:44:03 GMT">
  <testcase classname="com.crm.qa.testcases.FlightTestCases2" name="TC001_CheckifLogoisPresent" time="7.779"/>
  <testcase classname="com.crm.qa.testcases.FlightTestCases2" name="TC002_SelectFlightOption" time="17.879"/>
</testsuite> <!-- com.crm.qa.testcases.FlightTestCases2 -->
